01-Oct-2024 00:08:00.812 EDT INFO [DefaultWorkManager-WorkerThread-1] [ActiveVOS] [{}] - Agent Name received from cloud: SUE1LAIICSSA01 
01-Oct-2024 00:23:01.678 EDT INFO [DefaultWorkManager-WorkerThread-3] [ActiveVOS] [{}] - Agent Name received from cloud: SUE1LAIICSSA01 
01-Oct-2024 00:38:04.977 EDT INFO [DefaultWorkManager-WorkerThread-5] [ActiveVOS] [{}] - Agent Name received from cloud: SUE1LAIICSSA01 
01-Oct-2024 00:53:08.209 EDT INFO [DefaultWorkManager-WorkerThread-4] [ActiveVOS] [{}] - Agent Name received from cloud: SUE1LAIICSSA01 
01-Oct-2024 01:08:11.494 EDT INFO [DefaultWorkManager-WorkerThread-3] [ActiveVOS] [{}] - Agent Name received from cloud: SUE1LAIICSSA01 
01-Oct-2024 01:23:14.642 EDT INFO [DefaultWorkManager-WorkerThread-4] [ActiveVOS] [{}] - Agent Name received from cloud: SUE1LAIICSSA01 
01-Oct-2024 01:38:17.815 EDT INFO [DefaultWorkManager-WorkerThread-2] [ActiveVOS] [{}] - Agent Name received from cloud: SUE1LAIICSSA01 
01-Oct-2024 01:53:21.036 EDT INFO [DefaultWorkManager-WorkerThread-3] [ActiveVOS] [{}] - Agent Name received from cloud: SUE1LAIICSSA01 
01-Oct-2024 02:08:24.343 EDT INFO [DefaultWorkManager-WorkerThread-4] [ActiveVOS] [{}] - Agent Name received from cloud: SUE1LAIICSSA01 
01-Oct-2024 02:16:10.481 EDT INFO [DefaultWorkManager-WorkerThread-2] [ActiveVOS] [{mdc.schedule=Scheduled Purge, mdc.tenant.id=$public}] - Database maintenance scheduled by instance AeAgentScheduledDatabaseCleanUp. 
01-Oct-2024 02:16:10.481 EDT INFO [DefaultWorkManager-WorkerThread-4] [AeException] [{}] - Scheduled maintenance to perform database deletes has started 
01-Oct-2024 02:16:10.918 EDT INFO [DefaultWorkManager-WorkerThread-4] [AeException] [{}] - Scheduled maintenance to perform database deletes has completed 
01-Oct-2024 02:16:10.918 EDT INFO [DefaultWorkManager-WorkerThread-4] [AeException] [{}] - Scheduled maintenance to perform database deletes has completed 
01-Oct-2024 02:23:24.755 EDT INFO [DefaultWorkManager-WorkerThread-4] [ActiveVOS] [{}] - Agent Name received from cloud: SUE1LAIICSSA01 
01-Oct-2024 02:38:27.920 EDT INFO [DefaultWorkManager-WorkerThread-2] [ActiveVOS] [{}] - Agent Name received from cloud: SUE1LAIICSSA01 
01-Oct-2024 02:53:28.317 EDT INFO [DefaultWorkManager-WorkerThread-2] [ActiveVOS] [{}] - Agent Name received from cloud: SUE1LAIICSSA01 
01-Oct-2024 03:08:28.976 EDT INFO [DefaultWorkManager-WorkerThread-1] [ActiveVOS] [{}] - Agent Name received from cloud: SUE1LAIICSSA01 
01-Oct-2024 03:23:32.102 EDT INFO [DefaultWorkManager-WorkerThread-2] [ActiveVOS] [{}] - Agent Name received from cloud: SUE1LAIICSSA01 
01-Oct-2024 03:38:35.161 EDT INFO [DefaultWorkManager-WorkerThread-5] [ActiveVOS] [{}] - Agent Name received from cloud: SUE1LAIICSSA01 
01-Oct-2024 03:53:38.488 EDT INFO [DefaultWorkManager-WorkerThread-1] [ActiveVOS] [{}] - Agent Name received from cloud: SUE1LAIICSSA01 
01-Oct-2024 04:08:41.783 EDT INFO [DefaultWorkManager-WorkerThread-3] [ActiveVOS] [{}] - Agent Name received from cloud: SUE1LAIICSSA01 
01-Oct-2024 04:16:04.772 EDT INFO [SystemWorkManager-WorkerThread-42] [com.activee.rt.bpel.versioning.engine.purgepolicy.handler.AeSuspendedProcessTerminationHandler] [{}] - No operation of termination of suspended process has to be performed due to non positive retention period. 
01-Oct-2024 04:16:04.776 EDT INFO [SystemWorkManager-WorkerThread-44] [com.activee.rt.bpel.versioning.engine.purgepolicy.handler.AeRunningProcessSuspensionHandler] [{}] - No operation of suspension of long running process has to be performed due to non positive retention period. 
01-Oct-2024 04:23:42.285 EDT INFO [DefaultWorkManager-WorkerThread-4] [ActiveVOS] [{}] - Agent Name received from cloud: SUE1LAIICSSA01 
01-Oct-2024 04:38:42.668 EDT INFO [DefaultWorkManager-WorkerThread-4] [ActiveVOS] [{}] - Agent Name received from cloud: cl1vprompin4360.multiplan.com 
01-Oct-2024 04:53:45.944 EDT INFO [DefaultWorkManager-WorkerThread-1] [ActiveVOS] [{}] - Agent Name received from cloud: SUE1LAIICSSA01 
01-Oct-2024 05:08:49.264 EDT INFO [DefaultWorkManager-WorkerThread-3] [ActiveVOS] [{}] - Agent Name received from cloud: SUE1LAIICSSA01 
01-Oct-2024 05:23:49.970 EDT INFO [DefaultWorkManager-WorkerThread-1] [ActiveVOS] [{}] - Agent Name received from cloud: SUE1LAIICSSA01 
01-Oct-2024 05:38:53.247 EDT INFO [DefaultWorkManager-WorkerThread-4] [ActiveVOS] [{}] - Agent Name received from cloud: SUE1LAIICSSA01 
01-Oct-2024 05:53:56.513 EDT INFO [DefaultWorkManager-WorkerThread-2] [ActiveVOS] [{}] - Agent Name received from cloud: VM8S-A2I 
01-Oct-2024 06:08:59.618 EDT INFO [DefaultWorkManager-WorkerThread-3] [ActiveVOS] [{}] - Agent Name received from cloud: VM8S-A2I 
01-Oct-2024 06:24:00.099 EDT INFO [DefaultWorkManager-WorkerThread-3] [ActiveVOS] [{}] - Agent Name received from cloud: ip-172-31-18-196 
01-Oct-2024 06:39:03.373 EDT INFO [DefaultWorkManager-WorkerThread-5] [ActiveVOS] [{}] - Agent Name received from cloud: p-iics-di01 
01-Oct-2024 06:54:06.614 EDT INFO [DefaultWorkManager-WorkerThread-4] [ActiveVOS] [{}] - Agent Name received from cloud: SUE1LAIICSSA01 
01-Oct-2024 07:09:07.095 EDT INFO [DefaultWorkManager-WorkerThread-2] [ActiveVOS] [{}] - Agent Name received from cloud: SUE1LAIICSSA01 
01-Oct-2024 07:24:07.459 EDT INFO [DefaultWorkManager-WorkerThread-1] [ActiveVOS] [{}] - Agent Name received from cloud: usa_dev_dm01 
01-Oct-2024 07:39:10.614 EDT INFO [DefaultWorkManager-WorkerThread-1] [ActiveVOS] [{}] - Agent Name received from cloud: SUE1LAIICSSA01 
01-Oct-2024 07:54:11.211 EDT INFO [DefaultWorkManager-WorkerThread-2] [ActiveVOS] [{}] - Agent Name received from cloud: SUE1LAIICSSA01 
01-Oct-2024 08:09:12.029 EDT INFO [DefaultWorkManager-WorkerThread-5] [ActiveVOS] [{}] - Agent Name received from cloud: SUE1LAIICSSA01 
01-Oct-2024 08:16:10.486 EDT INFO [DefaultWorkManager-WorkerThread-4] [ActiveVOS] [{mdc.schedule=Scheduled Purge, mdc.tenant.id=$public}] - Database maintenance scheduled by instance AeAgentScheduledDatabaseCleanUp. 
01-Oct-2024 08:16:10.486 EDT INFO [DefaultWorkManager-WorkerThread-2] [AeException] [{}] - Scheduled maintenance to perform database deletes has started 
01-Oct-2024 08:16:11.093 EDT INFO [DefaultWorkManager-WorkerThread-2] [AeException] [{}] - Scheduled maintenance to perform database deletes has completed 
01-Oct-2024 08:16:11.093 EDT INFO [DefaultWorkManager-WorkerThread-2] [AeException] [{}] - Scheduled maintenance to perform database deletes has completed 
01-Oct-2024 08:24:12.459 EDT INFO [DefaultWorkManager-WorkerThread-2] [ActiveVOS] [{}] - Agent Name received from cloud: inhas76728.eu.boehringer.com 
01-Oct-2024 08:39:13.021 EDT INFO [DefaultWorkManager-WorkerThread-5] [ActiveVOS] [{}] - Agent Name received from cloud: ORRALP0051.na.jmsmucker.com 
01-Oct-2024 08:54:16.272 EDT INFO [DefaultWorkManager-WorkerThread-4] [ActiveVOS] [{}] - Agent Name received from cloud: aws249764722448.aws.boehringer.com 
01-Oct-2024 09:09:16.626 EDT INFO [DefaultWorkManager-WorkerThread-4] [ActiveVOS] [{}] - Agent Name received from cloud: SUE1LAIICSSA01 
01-Oct-2024 09:24:17.085 EDT INFO [DefaultWorkManager-WorkerThread-1] [ActiveVOS] [{}] - Agent Name received from cloud: usa_ng_04 
01-Oct-2024 09:39:20.194 EDT INFO [DefaultWorkManager-WorkerThread-2] [ActiveVOS] [{}] - Agent Name received from cloud: SUE1LAIICSSA01 
01-Oct-2024 09:54:23.454 EDT INFO [DefaultWorkManager-WorkerThread-5] [ActiveVOS] [{}] - Agent Name received from cloud: SUE1LAIICSSA01 
01-Oct-2024 10:09:26.607 EDT INFO [DefaultWorkManager-WorkerThread-4] [ActiveVOS] [{}] - Agent Name received from cloud: SUE1LAIICSSA01 
01-Oct-2024 10:24:27.351 EDT INFO [DefaultWorkManager-WorkerThread-1] [ActiveVOS] [{}] - Agent Name received from cloud: SUE1LAIICSSA01 
01-Oct-2024 10:39:27.733 EDT INFO [DefaultWorkManager-WorkerThread-3] [ActiveVOS] [{}] - Agent Name received from cloud: SUE1LAIICSSA01 
01-Oct-2024 10:54:30.883 EDT INFO [DefaultWorkManager-WorkerThread-4] [ActiveVOS] [{}] - Agent Name received from cloud: SUE1LAIICSSA01 
01-Oct-2024 11:09:34.228 EDT INFO [DefaultWorkManager-WorkerThread-3] [ActiveVOS] [{}] - Agent Name received from cloud: SUE1LAIICSSA01 
01-Oct-2024 11:24:37.526 EDT INFO [DefaultWorkManager-WorkerThread-4] [ActiveVOS] [{}] - Agent Name received from cloud: BLMOTPDIICSER01.corp.motion-ind.com 
01-Oct-2024 11:39:40.669 EDT INFO [DefaultWorkManager-WorkerThread-5] [ActiveVOS] [{}] - Agent Name received from cloud: nor_dev_01 
01-Oct-2024 11:54:43.901 EDT INFO [DefaultWorkManager-WorkerThread-1] [ActiveVOS] [{}] - Agent Name received from cloud: SUE1LAIICSSA01 
01-Oct-2024 12:09:47.195 EDT INFO [DefaultWorkManager-WorkerThread-5] [ActiveVOS] [{}] - Agent Name received from cloud: SUE1LAIICSSA01 
01-Oct-2024 12:24:50.541 EDT INFO [DefaultWorkManager-WorkerThread-1] [ActiveVOS] [{}] - Agent Name received from cloud: SUE1LAIICSSA01 
01-Oct-2024 12:39:53.608 EDT INFO [DefaultWorkManager-WorkerThread-2] [ActiveVOS] [{}] - Agent Name received from cloud: Production 
01-Oct-2024 12:54:56.968 EDT INFO [DefaultWorkManager-WorkerThread-1] [ActiveVOS] [{}] - Agent Name received from cloud: SUE1LAIICSSA01 
01-Oct-2024 13:10:00.072 EDT INFO [DefaultWorkManager-WorkerThread-5] [ActiveVOS] [{}] - Agent Name received from cloud: brtuxidmc01t 
01-Oct-2024 13:25:00.784 EDT INFO [DefaultWorkManager-WorkerThread-2] [ActiveVOS] [{}] - Agent Name received from cloud: SUE1LAIICSSA01 
01-Oct-2024 13:40:04.134 EDT INFO [DefaultWorkManager-WorkerThread-3] [ActiveVOS] [{}] - Agent Name received from cloud: SUE1LAIICSSA01 
01-Oct-2024 13:55:07.163 EDT INFO [DefaultWorkManager-WorkerThread-5] [ActiveVOS] [{}] - Agent Name received from cloud: SUE1LAIICSSA01 
01-Oct-2024 14:10:07.594 EDT INFO [DefaultWorkManager-WorkerThread-3] [ActiveVOS] [{}] - Agent Name received from cloud: SUE1LAIICSSA01 
01-Oct-2024 14:16:10.492 EDT INFO [DefaultWorkManager-WorkerThread-2] [ActiveVOS] [{mdc.schedule=Scheduled Purge, mdc.tenant.id=$public}] - Database maintenance scheduled by instance AeAgentScheduledDatabaseCleanUp. 
01-Oct-2024 14:16:10.493 EDT INFO [DefaultWorkManager-WorkerThread-1] [AeException] [{}] - Scheduled maintenance to perform database deletes has started 
01-Oct-2024 14:16:17.338 EDT INFO [DefaultWorkManager-WorkerThread-1] [AeException] [{}] - Scheduled maintenance to perform database deletes has completed 
01-Oct-2024 14:16:17.339 EDT INFO [DefaultWorkManager-WorkerThread-1] [AeException] [{}] - Scheduled maintenance to perform database deletes has completed 
01-Oct-2024 14:25:07.990 EDT INFO [DefaultWorkManager-WorkerThread-2] [ActiveVOS] [{}] - Agent Name received from cloud: SUE1LAIICSSA01 
01-Oct-2024 14:40:11.163 EDT INFO [DefaultWorkManager-WorkerThread-2] [ActiveVOS] [{}] - Agent Name received from cloud: SUE1LAIICSSA01 
01-Oct-2024 14:55:12.656 EDT INFO [https-jsse-nio-127.0.0.1-14757-exec-9] [ActiveVOS] [{mdc.bpelsvc.name=avProxyToProcess, mdc.principal.name=wsconsumerwms.dev@ppg.com, mdc.tenant.id=$public}] - Agent Name received from cloud: SUE1LAIICSSA01 
01-Oct-2024 15:10:13.476 EDT INFO [https-jsse-nio-127.0.0.1-14757-exec-3] [ActiveVOS] [{mdc.bpelsvc.name=avProxyToProcess, mdc.principal.name=wsconsumerwms.dev@ppg.com, mdc.tenant.id=$public}] - Agent Name received from cloud: SUE1LAIICSSA01 
01-Oct-2024 15:25:14.643 EDT INFO [DefaultWorkManager-WorkerThread-1] [ActiveVOS] [{}] - Agent Name received from cloud: SUE1LAIICSSA01 
01-Oct-2024 15:40:17.893 EDT INFO [DefaultWorkManager-WorkerThread-1] [ActiveVOS] [{}] - Agent Name received from cloud: SUE1LAIICSSA01 
01-Oct-2024 15:55:18.311 EDT INFO [DefaultWorkManager-WorkerThread-2] [ActiveVOS] [{}] - Agent Name received from cloud: SUE1LAIICSSA01 
01-Oct-2024 16:10:21.605 EDT INFO [DefaultWorkManager-WorkerThread-2] [ActiveVOS] [{}] - Agent Name received from cloud: SUE1LAIICSSA01 
01-Oct-2024 16:25:22.066 EDT INFO [DefaultWorkManager-WorkerThread-4] [ActiveVOS] [{}] - Agent Name received from cloud: SUE1LAIICSSA01 
01-Oct-2024 16:40:22.469 EDT INFO [DefaultWorkManager-WorkerThread-5] [ActiveVOS] [{}] - Agent Name received from cloud: SUE1LAIICSSA01 
01-Oct-2024 16:55:25.498 EDT INFO [DefaultWorkManager-WorkerThread-3] [ActiveVOS] [{}] - Agent Name received from cloud: SUE1LAIICSSA01 
01-Oct-2024 17:10:26.008 EDT INFO [DefaultWorkManager-WorkerThread-2] [ActiveVOS] [{}] - Agent Name received from cloud: SUE1LAIICSSA01 
01-Oct-2024 17:25:26.429 EDT INFO [DefaultWorkManager-WorkerThread-1] [ActiveVOS] [{}] - Agent Name received from cloud: SUE1LAIICSSA01 
01-Oct-2024 17:40:27.069 EDT INFO [DefaultWorkManager-WorkerThread-4] [ActiveVOS] [{}] - Agent Name received from cloud: SUE1LAIICSSA01 
01-Oct-2024 17:55:27.583 EDT INFO [DefaultWorkManager-WorkerThread-4] [ActiveVOS] [{}] - Agent Name received from cloud: SUE1LAIICSSA01 
01-Oct-2024 18:10:28.138 EDT INFO [DefaultWorkManager-WorkerThread-2] [ActiveVOS] [{}] - Agent Name received from cloud: SUE1LAIICSSA01 
01-Oct-2024 18:25:29.007 EDT INFO [DefaultWorkManager-WorkerThread-4] [ActiveVOS] [{}] - Agent Name received from cloud: SUE1LAIICSSA01 
01-Oct-2024 18:40:31.782 EDT INFO [DefaultWorkManager-WorkerThread-4] [ActiveVOS] [{}] - Agent Name received from cloud: SUE1LAIICSSA01 
01-Oct-2024 18:55:34.989 EDT INFO [DefaultWorkManager-WorkerThread-5] [ActiveVOS] [{}] - Agent Name received from cloud: SUE1LAIICSSA01 
01-Oct-2024 19:10:35.600 EDT INFO [DefaultWorkManager-WorkerThread-2] [ActiveVOS] [{}] - Agent Name received from cloud: SUE1LAIICSSA01 
01-Oct-2024 19:25:38.697 EDT INFO [DefaultWorkManager-WorkerThread-4] [ActiveVOS] [{}] - Agent Name received from cloud: EQTSPDDESB03 
01-Oct-2024 19:40:41.918 EDT INFO [DefaultWorkManager-WorkerThread-1] [ActiveVOS] [{}] - Agent Name received from cloud: SUE1LAIICSSA01 
01-Oct-2024 19:55:45.041 EDT INFO [DefaultWorkManager-WorkerThread-5] [ActiveVOS] [{}] - Agent Name received from cloud: SUE1LAIICSSA01 
01-Oct-2024 20:10:48.213 EDT INFO [DefaultWorkManager-WorkerThread-3] [ActiveVOS] [{}] - Agent Name received from cloud: SUE1LAIICSSA01 
01-Oct-2024 20:16:10.498 EDT INFO [DefaultWorkManager-WorkerThread-2] [ActiveVOS] [{mdc.schedule=Scheduled Purge, mdc.tenant.id=$public}] - Database maintenance scheduled by instance AeAgentScheduledDatabaseCleanUp. 
01-Oct-2024 20:16:10.498 EDT INFO [DefaultWorkManager-WorkerThread-5] [AeException] [{}] - Scheduled maintenance to perform database deletes has started 
01-Oct-2024 20:16:11.195 EDT INFO [DefaultWorkManager-WorkerThread-5] [AeException] [{}] - Scheduled maintenance to perform database deletes has completed 
01-Oct-2024 20:16:11.196 EDT INFO [DefaultWorkManager-WorkerThread-5] [AeException] [{}] - Scheduled maintenance to perform database deletes has completed 
01-Oct-2024 20:25:51.881 EDT INFO [DefaultWorkManager-WorkerThread-5] [ActiveVOS] [{}] - Agent Name received from cloud: SUE1LAIICSSA01 
01-Oct-2024 20:40:54.798 EDT INFO [DefaultWorkManager-WorkerThread-1] [ActiveVOS] [{}] - Agent Name received from cloud: SUE1LAIICSSA01 
01-Oct-2024 20:55:55.279 EDT INFO [DefaultWorkManager-WorkerThread-5] [ActiveVOS] [{}] - Agent Name received from cloud: SUE1LAIICSSA01 
01-Oct-2024 21:10:55.712 EDT INFO [DefaultWorkManager-WorkerThread-3] [ActiveVOS] [{}] - Agent Name received from cloud: SUE1LAIICSSA01 
01-Oct-2024 21:25:56.370 EDT INFO [DefaultWorkManager-WorkerThread-3] [ActiveVOS] [{}] - Agent Name received from cloud: SUE1LAIICSSA01 
01-Oct-2024 21:40:59.705 EDT INFO [DefaultWorkManager-WorkerThread-5] [ActiveVOS] [{}] - Agent Name received from cloud: SUE1LAIICSSA01 
01-Oct-2024 21:56:02.853 EDT INFO [DefaultWorkManager-WorkerThread-2] [ActiveVOS] [{}] - Agent Name received from cloud: SUE1LAIICSSA01 
01-Oct-2024 22:11:06.026 EDT INFO [DefaultWorkManager-WorkerThread-3] [ActiveVOS] [{}] - Agent Name received from cloud: SUE1LAIICSSA01 
01-Oct-2024 22:26:06.537 EDT INFO [DefaultWorkManager-WorkerThread-1] [ActiveVOS] [{}] - Agent Name received from cloud: SUE1LAIICSSA01 
01-Oct-2024 22:41:09.941 EDT INFO [DefaultWorkManager-WorkerThread-4] [ActiveVOS] [{}] - Agent Name received from cloud: SUE1LAIICSSA01 
01-Oct-2024 22:56:12.782 EDT INFO [DefaultWorkManager-WorkerThread-4] [ActiveVOS] [{}] - Agent Name received from cloud: SUE1LAIICSSA01 
01-Oct-2024 23:11:16.016 EDT INFO [DefaultWorkManager-WorkerThread-1] [ActiveVOS] [{}] - Agent Name received from cloud: SUE1LAIICSSA01 
01-Oct-2024 23:26:16.357 EDT INFO [DefaultWorkManager-WorkerThread-5] [ActiveVOS] [{}] - Agent Name received from cloud: SUE1LAIICSSA01 
01-Oct-2024 23:41:19.512 EDT INFO [DefaultWorkManager-WorkerThread-5] [ActiveVOS] [{}] - Agent Name received from cloud: SUE1LAIICSSA01 
01-Oct-2024 23:56:22.619 EDT INFO [DefaultWorkManager-WorkerThread-5] [ActiveVOS] [{}] - Agent Name received from cloud: SUE1LAIICSSA01 
