01-Oct-2024 00:09:59.225 EDT INFO [DefaultWorkManager-WorkerThread-2] [ActiveVOS] [{}] - Agent Name received from cloud: SUE2LAIICSSA01 
01-Oct-2024 00:25:02.509 EDT INFO [DefaultWorkManager-WorkerThread-5] [ActiveVOS] [{}] - Agent Name received from cloud: SUE2LAIICSSA01 
01-Oct-2024 00:40:05.598 EDT INFO [DefaultWorkManager-WorkerThread-5] [ActiveVOS] [{}] - Agent Name received from cloud: SUE2LAIICSSA01 
01-Oct-2024 00:55:08.650 EDT INFO [DefaultWorkManager-WorkerThread-5] [ActiveVOS] [{}] - Agent Name received from cloud: SUE2LAIICSSA01 
01-Oct-2024 01:10:09.068 EDT INFO [DefaultWorkManager-WorkerThread-3] [ActiveVOS] [{}] - Agent Name received from cloud: SUE2LAIICSSA01 
01-Oct-2024 01:25:12.281 EDT INFO [DefaultWorkManager-WorkerThread-3] [ActiveVOS] [{}] - Agent Name received from cloud: SUE2LAIICSSA01 
01-Oct-2024 01:40:12.641 EDT INFO [DefaultWorkManager-WorkerThread-5] [ActiveVOS] [{mdc.engine.id=1, mdc.loc.path=/process/eventHandlers/onSignal/scope[instance()=1]/sequence/extensionActivity/signalSend, mdc.mutex=AeMutex[4374], mdc.process.id=1455356, mdc.process.name={urn:screenflow:process:PRCListFilesShipmentUpload}PRCListFilesShipmentUpload, mdc.tenant.id=$public}] - Agent Name received from cloud: SDCAMDMSA03 
01-Oct-2024 01:55:15.790 EDT INFO [DefaultWorkManager-WorkerThread-3] [ActiveVOS] [{}] - Agent Name received from cloud: SUE2LAIICSSA01 
01-Oct-2024 02:10:19.111 EDT INFO [DefaultWorkManager-WorkerThread-5] [ActiveVOS] [{}] - Agent Name received from cloud: SUE2LAIICSSA01 
01-Oct-2024 02:25:19.655 EDT INFO [DefaultWorkManager-WorkerThread-2] [ActiveVOS] [{}] - Agent Name received from cloud: SUE2LAIICSSA01 
01-Oct-2024 02:40:22.965 EDT INFO [DefaultWorkManager-WorkerThread-2] [ActiveVOS] [{}] - Agent Name received from cloud: SUE2LAIICSSA01 
01-Oct-2024 02:55:26.073 EDT INFO [DefaultWorkManager-WorkerThread-2] [ActiveVOS] [{}] - Agent Name received from cloud: EQTSHPRPOC02 
01-Oct-2024 03:10:29.350 EDT INFO [DefaultWorkManager-WorkerThread-2] [ActiveVOS] [{}] - Agent Name received from cloud: VSAPP000013 
01-Oct-2024 03:25:29.828 EDT INFO [DefaultWorkManager-WorkerThread-3] [ActiveVOS] [{}] - Agent Name received from cloud: SUE2LAIICSSA01 
01-Oct-2024 03:40:30.510 EDT INFO [DefaultWorkManager-WorkerThread-3] [ActiveVOS] [{}] - Agent Name received from cloud: SUE2LAIICSSA01 
01-Oct-2024 03:55:31.116 EDT INFO [DefaultWorkManager-WorkerThread-4] [ActiveVOS] [{}] - Agent Name received from cloud: SUE2LAIICSSA01 
01-Oct-2024 04:10:34.412 EDT INFO [DefaultWorkManager-WorkerThread-3] [ActiveVOS] [{}] - Agent Name received from cloud: SUE2LAIICSSA01 
01-Oct-2024 04:25:37.520 EDT INFO [DefaultWorkManager-WorkerThread-3] [ActiveVOS] [{}] - Agent Name received from cloud: SUE2LAIICSSA01 
01-Oct-2024 04:33:30.764 EDT INFO [DefaultWorkManager-WorkerThread-2] [ActiveVOS] [{mdc.schedule=Scheduled Purge, mdc.tenant.id=$public}] - Database maintenance scheduled by instance AeAgentScheduledDatabaseCleanUp. 
01-Oct-2024 04:33:30.764 EDT INFO [DefaultWorkManager-WorkerThread-4] [AeException] [{}] - Scheduled maintenance to perform database deletes has started 
01-Oct-2024 04:33:31.264 EDT INFO [DefaultWorkManager-WorkerThread-4] [AeException] [{}] - Scheduled maintenance to perform database deletes has completed 
01-Oct-2024 04:33:31.264 EDT INFO [DefaultWorkManager-WorkerThread-4] [AeException] [{}] - Scheduled maintenance to perform database deletes has completed 
01-Oct-2024 04:40:40.805 EDT INFO [DefaultWorkManager-WorkerThread-2] [ActiveVOS] [{}] - Agent Name received from cloud: SUE2LAIICSSA01 
01-Oct-2024 04:55:41.308 EDT INFO [DefaultWorkManager-WorkerThread-5] [ActiveVOS] [{}] - Agent Name received from cloud: SUE2LAIICSSA01 
01-Oct-2024 05:10:44.549 EDT INFO [DefaultWorkManager-WorkerThread-3] [ActiveVOS] [{}] - Agent Name received from cloud: SUE2LAIICSSA01 
01-Oct-2024 05:25:47.778 EDT INFO [DefaultWorkManager-WorkerThread-5] [ActiveVOS] [{}] - Agent Name received from cloud: vwmazmdmdev01 
01-Oct-2024 05:40:51.021 EDT INFO [DefaultWorkManager-WorkerThread-5] [ActiveVOS] [{}] - Agent Name received from cloud: SUE2LAIICSSA01 
01-Oct-2024 05:55:54.252 EDT INFO [DefaultWorkManager-WorkerThread-4] [ActiveVOS] [{}] - Agent Name received from cloud: SUE2LAIICSSA01 
01-Oct-2024 06:10:57.512 EDT INFO [DefaultWorkManager-WorkerThread-4] [ActiveVOS] [{}] - Agent Name received from cloud: SUE2LAIICSSA01 
01-Oct-2024 06:26:00.688 EDT INFO [DefaultWorkManager-WorkerThread-1] [ActiveVOS] [{}] - Agent Name received from cloud: SUE2LAIICSSA01 
01-Oct-2024 06:33:26.200 EDT INFO [SystemWorkManager-WorkerThread-2] [com.activee.rt.bpel.versioning.engine.purgepolicy.handler.AeSuspendedProcessTerminationHandler] [{}] - No operation of termination of suspended process has to be performed due to non positive retention period. 
01-Oct-2024 06:33:26.204 EDT INFO [SystemWorkManager-WorkerThread-31] [com.activee.rt.bpel.versioning.engine.purgepolicy.handler.AeRunningProcessSuspensionHandler] [{}] - No operation of suspension of long running process has to be performed due to non positive retention period. 
01-Oct-2024 06:41:03.808 EDT INFO [DefaultWorkManager-WorkerThread-3] [ActiveVOS] [{}] - Agent Name received from cloud: SUE2LAIICSSA01 
01-Oct-2024 06:56:04.437 EDT INFO [DefaultWorkManager-WorkerThread-1] [ActiveVOS] [{}] - Agent Name received from cloud: SUE2LAIICSSA01 
01-Oct-2024 07:11:07.530 EDT INFO [DefaultWorkManager-WorkerThread-5] [ActiveVOS] [{}] - Agent Name received from cloud: SUE2LAIICSSA01 
01-Oct-2024 07:26:10.922 EDT INFO [DefaultWorkManager-WorkerThread-2] [ActiveVOS] [{}] - Agent Name received from cloud: SUE2LAIICSSA01 
01-Oct-2024 07:41:14.197 EDT INFO [DefaultWorkManager-WorkerThread-3] [ActiveVOS] [{}] - Agent Name received from cloud: SUE2LAIICSSA01 
01-Oct-2024 07:56:17.347 EDT INFO [DefaultWorkManager-WorkerThread-4] [ActiveVOS] [{}] - Agent Name received from cloud: SUE2LAIICSSA01 
01-Oct-2024 08:11:17.752 EDT INFO [DefaultWorkManager-WorkerThread-1] [ActiveVOS] [{}] - Agent Name received from cloud: SUE2LAIICSSA01 
01-Oct-2024 08:26:21.018 EDT INFO [DefaultWorkManager-WorkerThread-4] [ActiveVOS] [{}] - Agent Name received from cloud: SUE2LAIICSSA01 
01-Oct-2024 08:41:21.490 EDT INFO [DefaultWorkManager-WorkerThread-5] [ActiveVOS] [{}] - Agent Name received from cloud: SUE2LAIICSSA01 
01-Oct-2024 08:56:24.794 EDT INFO [DefaultWorkManager-WorkerThread-4] [ActiveVOS] [{}] - Agent Name received from cloud: SUE2LAIICSSA01 
01-Oct-2024 09:11:25.301 EDT INFO [DefaultWorkManager-WorkerThread-2] [ActiveVOS] [{}] - Agent Name received from cloud: SUE2LAIICSSA01 
01-Oct-2024 09:26:28.407 EDT INFO [DefaultWorkManager-WorkerThread-3] [ActiveVOS] [{}] - Agent Name received from cloud: SUE2LAIICSSA01 
01-Oct-2024 09:41:28.845 EDT INFO [DefaultWorkManager-WorkerThread-4] [ActiveVOS] [{}] - Agent Name received from cloud: SUE2LAIICSSA01 
01-Oct-2024 09:56:32.204 EDT INFO [DefaultWorkManager-WorkerThread-5] [ActiveVOS] [{}] - Agent Name received from cloud: SUE2LAIICSSA01 
01-Oct-2024 10:11:32.699 EDT INFO [DefaultWorkManager-WorkerThread-2] [ActiveVOS] [{}] - Agent Name received from cloud: SUE2LAIICSSA01 
01-Oct-2024 10:26:33.214 EDT INFO [DefaultWorkManager-WorkerThread-2] [ActiveVOS] [{}] - Agent Name received from cloud: SUE2LAIICSSA01 
01-Oct-2024 10:33:30.769 EDT INFO [DefaultWorkManager-WorkerThread-1] [ActiveVOS] [{mdc.schedule=Scheduled Purge, mdc.tenant.id=$public}] - Database maintenance scheduled by instance AeAgentScheduledDatabaseCleanUp. 
01-Oct-2024 10:33:30.769 EDT INFO [DefaultWorkManager-WorkerThread-5] [AeException] [{}] - Scheduled maintenance to perform database deletes has started 
01-Oct-2024 10:33:31.316 EDT INFO [DefaultWorkManager-WorkerThread-5] [AeException] [{}] - Scheduled maintenance to perform database deletes has completed 
01-Oct-2024 10:33:31.316 EDT INFO [DefaultWorkManager-WorkerThread-5] [AeException] [{}] - Scheduled maintenance to perform database deletes has completed 
01-Oct-2024 10:41:33.608 EDT INFO [DefaultWorkManager-WorkerThread-3] [ActiveVOS] [{}] - Agent Name received from cloud: SUE2LAIICSSA01 
01-Oct-2024 10:56:34.052 EDT INFO [DefaultWorkManager-WorkerThread-1] [ActiveVOS] [{}] - Agent Name received from cloud: etld.richmond.edu 
01-Oct-2024 11:11:37.350 EDT INFO [DefaultWorkManager-WorkerThread-1] [ActiveVOS] [{}] - Agent Name received from cloud: etlp.richmond.edu 
01-Oct-2024 11:26:40.591 EDT INFO [DefaultWorkManager-WorkerThread-2] [ActiveVOS] [{}] - Agent Name received from cloud: SUE2LAIICSSA01 
01-Oct-2024 11:41:43.689 EDT INFO [DefaultWorkManager-WorkerThread-3] [ActiveVOS] [{}] - Agent Name received from cloud: usa_ng_dev2_01 
01-Oct-2024 11:56:47.032 EDT INFO [DefaultWorkManager-WorkerThread-3] [ActiveVOS] [{}] - Agent Name received from cloud: SUE2LAIICSSA01 
01-Oct-2024 12:11:47.612 EDT INFO [DefaultWorkManager-WorkerThread-1] [ActiveVOS] [{}] - Agent Name received from cloud: SUE2LAIICSSA01 
01-Oct-2024 12:26:50.896 EDT INFO [DefaultWorkManager-WorkerThread-4] [ActiveVOS] [{}] - Agent Name received from cloud: SUE2LAIICSSA01 
01-Oct-2024 12:41:54.065 EDT INFO [DefaultWorkManager-WorkerThread-2] [ActiveVOS] [{}] - Agent Name received from cloud: SUE2LAIICSSA01 
01-Oct-2024 12:56:54.585 EDT INFO [DefaultWorkManager-WorkerThread-2] [ActiveVOS] [{}] - Agent Name received from cloud: SUE2LAIICSSA01 
01-Oct-2024 13:11:55.082 EDT INFO [DefaultWorkManager-WorkerThread-3] [ActiveVOS] [{}] - Agent Name received from cloud: SUE2LAIICSSA01 
01-Oct-2024 13:26:58.390 EDT INFO [DefaultWorkManager-WorkerThread-1] [ActiveVOS] [{}] - Agent Name received from cloud: SUE2LAIICSSA01 
01-Oct-2024 13:42:01.747 EDT INFO [DefaultWorkManager-WorkerThread-2] [ActiveVOS] [{}] - Agent Name received from cloud: SUE2LAIICSSA01 
01-Oct-2024 13:57:02.260 EDT INFO [DefaultWorkManager-WorkerThread-3] [ActiveVOS] [{}] - Agent Name received from cloud: SUE2LAIICSSA01 
01-Oct-2024 14:12:05.334 EDT INFO [DefaultWorkManager-WorkerThread-2] [ActiveVOS] [{}] - Agent Name received from cloud: SUE2LAIICSSA01 
01-Oct-2024 14:27:08.577 EDT INFO [DefaultWorkManager-WorkerThread-3] [ActiveVOS] [{}] - Agent Name received from cloud: SUE2LAIICSSA01 
01-Oct-2024 14:42:08.945 EDT INFO [DefaultWorkManager-WorkerThread-5] [ActiveVOS] [{}] - Agent Name received from cloud: SUE2LAIICSSA01 
01-Oct-2024 14:57:09.418 EDT INFO [DefaultWorkManager-WorkerThread-1] [ActiveVOS] [{}] - Agent Name received from cloud: SUE2LAIICSSA01 
01-Oct-2024 15:12:10.057 EDT INFO [DefaultWorkManager-WorkerThread-4] [ActiveVOS] [{}] - Agent Name received from cloud: SUE2LAIICSSA01 
01-Oct-2024 15:27:13.243 EDT INFO [DefaultWorkManager-WorkerThread-4] [ActiveVOS] [{}] - Agent Name received from cloud: SUE2LAIICSSA01 
01-Oct-2024 15:42:16.623 EDT INFO [DefaultWorkManager-WorkerThread-2] [ActiveVOS] [{}] - Agent Name received from cloud: SUE2LAIICSSA01 
01-Oct-2024 15:57:19.902 EDT INFO [DefaultWorkManager-WorkerThread-3] [ActiveVOS] [{}] - Agent Name received from cloud: SUE2LAIICSSA01 
01-Oct-2024 16:12:23.135 EDT INFO [DefaultWorkManager-WorkerThread-2] [ActiveVOS] [{}] - Agent Name received from cloud: SUE2LAIICSSA01 
01-Oct-2024 16:27:26.357 EDT INFO [DefaultWorkManager-WorkerThread-5] [ActiveVOS] [{}] - Agent Name received from cloud: SUE2LAIICSSA01 
01-Oct-2024 16:33:30.774 EDT INFO [DefaultWorkManager-WorkerThread-1] [ActiveVOS] [{mdc.schedule=Scheduled Purge, mdc.tenant.id=$public}] - Database maintenance scheduled by instance AeAgentScheduledDatabaseCleanUp. 
01-Oct-2024 16:33:30.774 EDT INFO [DefaultWorkManager-WorkerThread-2] [AeException] [{}] - Scheduled maintenance to perform database deletes has started 
01-Oct-2024 16:33:37.705 EDT INFO [DefaultWorkManager-WorkerThread-2] [AeException] [{}] - Scheduled maintenance to perform database deletes has completed 
01-Oct-2024 16:33:37.705 EDT INFO [DefaultWorkManager-WorkerThread-2] [AeException] [{}] - Scheduled maintenance to perform database deletes has completed 
01-Oct-2024 16:42:29.757 EDT INFO [DefaultWorkManager-WorkerThread-3] [ActiveVOS] [{}] - Agent Name received from cloud: SUE2LAIICSSA01 
01-Oct-2024 16:57:30.205 EDT INFO [DefaultWorkManager-WorkerThread-5] [ActiveVOS] [{}] - Agent Name received from cloud: SUE2LAIICSSA01 
01-Oct-2024 17:12:33.505 EDT INFO [DefaultWorkManager-WorkerThread-4] [ActiveVOS] [{}] - Agent Name received from cloud: SUE2LAIICSSA01 
01-Oct-2024 17:27:33.883 EDT INFO [DefaultWorkManager-WorkerThread-3] [ActiveVOS] [{}] - Agent Name received from cloud: SUE2LAIICSSA01 
01-Oct-2024 17:42:37.197 EDT INFO [DefaultWorkManager-WorkerThread-2] [ActiveVOS] [{}] - Agent Name received from cloud: SUE2LAIICSSA01 
01-Oct-2024 17:57:40.435 EDT INFO [DefaultWorkManager-WorkerThread-3] [ActiveVOS] [{}] - Agent Name received from cloud: SUE2LAIICSSA01 
01-Oct-2024 18:12:40.907 EDT INFO [DefaultWorkManager-WorkerThread-5] [ActiveVOS] [{}] - Agent Name received from cloud: SUE2LAIICSSA01 
01-Oct-2024 18:27:44.253 EDT INFO [DefaultWorkManager-WorkerThread-2] [ActiveVOS] [{}] - Agent Name received from cloud: SUE2LAIICSSA01 
01-Oct-2024 18:42:44.842 EDT INFO [DefaultWorkManager-WorkerThread-1] [ActiveVOS] [{}] - Agent Name received from cloud: SUE2LAIICSSA01 
01-Oct-2024 18:57:47.978 EDT INFO [DefaultWorkManager-WorkerThread-1] [ActiveVOS] [{}] - Agent Name received from cloud: SUE2LAIICSSA01 
01-Oct-2024 19:12:51.308 EDT INFO [DefaultWorkManager-WorkerThread-3] [ActiveVOS] [{}] - Agent Name received from cloud: SUE2LAIICSSA01 
01-Oct-2024 19:27:51.979 EDT INFO [DefaultWorkManager-WorkerThread-1] [ActiveVOS] [{}] - Agent Name received from cloud: SUE2LAIICSSA01 
01-Oct-2024 19:42:55.129 EDT INFO [DefaultWorkManager-WorkerThread-3] [ActiveVOS] [{}] - Agent Name received from cloud: SUE2LAIICSSA01 
01-Oct-2024 19:57:55.700 EDT INFO [DefaultWorkManager-WorkerThread-5] [ActiveVOS] [{}] - Agent Name received from cloud: SUE2LAIICSSA01 
01-Oct-2024 20:12:56.198 EDT INFO [DefaultWorkManager-WorkerThread-2] [ActiveVOS] [{}] - Agent Name received from cloud: SUE2LAIICSSA01 
01-Oct-2024 20:27:56.607 EDT INFO [DefaultWorkManager-WorkerThread-1] [ActiveVOS] [{}] - Agent Name received from cloud: SUE2LAIICSSA01 
01-Oct-2024 20:42:57.117 EDT INFO [DefaultWorkManager-WorkerThread-2] [ActiveVOS] [{}] - Agent Name received from cloud: SUE2LAIICSSA01 
01-Oct-2024 20:58:00.278 EDT INFO [DefaultWorkManager-WorkerThread-1] [ActiveVOS] [{}] - Agent Name received from cloud: SUE2LAIICSSA01 
01-Oct-2024 21:13:03.406 EDT INFO [DefaultWorkManager-WorkerThread-1] [ActiveVOS] [{}] - Agent Name received from cloud: SUE2LAIICSSA01 
01-Oct-2024 21:28:06.797 EDT INFO [DefaultWorkManager-WorkerThread-4] [ActiveVOS] [{}] - Agent Name received from cloud: SUE2LAIICSSA01 
01-Oct-2024 21:43:10.064 EDT INFO [DefaultWorkManager-WorkerThread-4] [ActiveVOS] [{}] - Agent Name received from cloud: SUE2LAIICSSA01 
01-Oct-2024 21:58:13.333 EDT INFO [DefaultWorkManager-WorkerThread-4] [ActiveVOS] [{}] - Agent Name received from cloud: SUE2LAIICSSA01 
01-Oct-2024 22:13:13.961 EDT INFO [DefaultWorkManager-WorkerThread-5] [ActiveVOS] [{}] - Agent Name received from cloud: SUE2LAIICSSA01 
01-Oct-2024 22:28:17.265 EDT INFO [DefaultWorkManager-WorkerThread-1] [ActiveVOS] [{}] - Agent Name received from cloud: SUE2LAIICSSA01 
01-Oct-2024 22:33:30.778 EDT INFO [DefaultWorkManager-WorkerThread-4] [ActiveVOS] [{mdc.schedule=Scheduled Purge, mdc.tenant.id=$public}] - Database maintenance scheduled by instance AeAgentScheduledDatabaseCleanUp. 
01-Oct-2024 22:33:30.778 EDT INFO [DefaultWorkManager-WorkerThread-1] [AeException] [{}] - Scheduled maintenance to perform database deletes has started 
01-Oct-2024 22:33:31.399 EDT INFO [DefaultWorkManager-WorkerThread-1] [AeException] [{}] - Scheduled maintenance to perform database deletes has completed 
01-Oct-2024 22:33:31.399 EDT INFO [DefaultWorkManager-WorkerThread-1] [AeException] [{}] - Scheduled maintenance to perform database deletes has completed 
01-Oct-2024 22:43:20.486 EDT INFO [DefaultWorkManager-WorkerThread-1] [ActiveVOS] [{}] - Agent Name received from cloud: SUE2LAIICSSA01 
01-Oct-2024 22:58:21.342 EDT INFO [DefaultWorkManager-WorkerThread-5] [ActiveVOS] [{}] - Agent Name received from cloud: MDM-Prod 
01-Oct-2024 23:13:24.579 EDT INFO [DefaultWorkManager-WorkerThread-3] [ActiveVOS] [{}] - Agent Name received from cloud: SUE2LAIICSSA01 
01-Oct-2024 23:28:25.053 EDT INFO [DefaultWorkManager-WorkerThread-1] [ActiveVOS] [{}] - Agent Name received from cloud: SUE2LAIICSSA01 
01-Oct-2024 23:43:25.566 EDT INFO [DefaultWorkManager-WorkerThread-1] [ActiveVOS] [{}] - Agent Name received from cloud: SUE2LAIICSSA01 
01-Oct-2024 23:58:28.770 EDT INFO [DefaultWorkManager-WorkerThread-5] [ActiveVOS] [{}] - Agent Name received from cloud: SUE2LAIICSSA01 
